Start testing: Sep 05 03:01 CST
----------------------------------------------------------
1/4 Testing: flake8
1/4 Test: flake8
Command: "/usr/bin/python3" "-u" "/opt/ros/humble/share/ament_cmake_test/cmake/run_test.py" "/home/hurs1/ackermann_ws/build/ackermann_simulation/test_results/ackermann_simulation/flake8.xunit.xml" "--package-name" "ackermann_simulation" "--output-file" "/home/hurs1/ackermann_ws/build/ackermann_simulation/ament_flake8/flake8.txt" "--command" "/opt/ros/humble/bin/ament_flake8" "--xunit-file" "/home/hurs1/ackermann_ws/build/ackermann_simulation/test_results/ackermann_simulation/flake8.xunit.xml"
Directory: /home/hurs1/ackermann_ws/src/ackermann_robot/ackermann_simulation
"flake8" start time: Sep 05 03:01 CST
Output:
----------------------------------------------------------
-- run_test.py: invoking following command in '/home/hurs1/ackermann_ws/src/ackermann_robot/ackermann_simulation':
 - /opt/ros/humble/bin/ament_flake8 --xunit-file /home/hurs1/ackermann_ws/build/ackermann_simulation/test_results/ackermann_simulation/flake8.xunit.xml
from launch.actions import GroupAction, IncludeLaunchDescription, DeclareLaunchArgument, TimerAction, SetEnvironmentVariable
                                                                                                   ^
                    get_package_share_directory('ros_gz_sim'),'launch','gz_sim.launch.py')]
                    ^
                    get_package_share_directory('ros_gz_sim'),'launch','gz_sim.launch.py')]
                                                             ^
                    get_package_share_directory('ros_gz_sim'),'launch','gz_sim.launch.py')]
                                                                      ^
                launch_arguments={'gz_args': [' -r -v 1 ', LaunchConfiguration('world')], 'on_exit_shutdown': 'true'}.items()
                                                                                                   ^
        arguments=['joint_state_broadcaster', '--controller-manager-timeout', '120', '--switch-timeout', '120'],
                                                                                                   ^
    
^
        arguments=['diff_drive_controller', '--controller-manager-timeout', '120', '--switch-timeout', '120'],
                                                                                                   ^
    gz_bridge_param = os.path.join(ackermann_simulation_directory,'config','gz_bridge.yaml')
                                                                 ^
    gz_bridge_param = os.path.join(ackermann_simulation_directory,'config','gz_bridge.yaml')
                                                                          ^
    
^
    launch_actions = [
    ^
1     E122 continuation line missing indentation or outdented
4     E231 missing whitespace after ','
1     E303 too many blank lines (2)
4     E501 line too long (124 > 99 characters)
2     W293 blank line contains whitespace

./launch/sim.launch.py:5:100: E501 line too long (124 > 99 characters)

./launch/sim.launch.py:47:21: E122 continuation line missing indentation or outdented

./launch/sim.launch.py:47:62: E231 missing whitespace after ','

./launch/sim.launch.py:47:71: E231 missing whitespace after ','

./launch/sim.launch.py:49:100: E501 line too long (125 > 99 characters)

./launch/sim.launch.py:72:100: E501 line too long (112 > 99 characters)

./launch/sim.launch.py:75:1: W293 blank line contains whitespace

./launch/sim.launch.py:79:100: E501 line too long (110 > 99 characters)

./launch/sim.launch.py:83:66: E231 missing whitespace after ','

./launch/sim.launch.py:83:75: E231 missing whitespace after ','

./launch/sim.launch.py:105:1: W293 blank line contains whitespace

./launch/sim.launch.py:106:5: E303 too many blank lines (2)


1 files checked
12 errors

'E'-type errors: 10
'W'-type errors: 2

Checked files:

* ./launch/sim.launch.py
-- run_test.py: return code 1
-- run_test.py: verify result file '/home/hurs1/ackermann_ws/build/ackermann_simulation/test_results/ackermann_simulation/flake8.xunit.xml'
<end of output>
Test time =   0.17 sec
----------------------------------------------------------
Test Failed.
"flake8" end time: Sep 05 03:01 CST
"flake8" time elapsed: 00:00:00
----------------------------------------------------------

2/4 Testing: lint_cmake
2/4 Test: lint_cmake
Command: "/usr/bin/python3" "-u" "/opt/ros/humble/share/ament_cmake_test/cmake/run_test.py" "/home/hurs1/ackermann_ws/build/ackermann_simulation/test_results/ackermann_simulation/lint_cmake.xunit.xml" "--package-name" "ackermann_simulation" "--output-file" "/home/hurs1/ackermann_ws/build/ackermann_simulation/ament_lint_cmake/lint_cmake.txt" "--command" "/opt/ros/humble/bin/ament_lint_cmake" "--xunit-file" "/home/hurs1/ackermann_ws/build/ackermann_simulation/test_results/ackermann_simulation/lint_cmake.xunit.xml"
Directory: /home/hurs1/ackermann_ws/src/ackermann_robot/ackermann_simulation
"lint_cmake" start time: Sep 05 03:01 CST
Output:
----------------------------------------------------------
-- run_test.py: invoking following command in '/home/hurs1/ackermann_ws/src/ackermann_robot/ackermann_simulation':
 - /opt/ros/humble/bin/ament_lint_cmake --xunit-file /home/hurs1/ackermann_ws/build/ackermann_simulation/test_results/ackermann_simulation/lint_cmake.xunit.xml

No problems found
-- run_test.py: return code 0
-- run_test.py: verify result file '/home/hurs1/ackermann_ws/build/ackermann_simulation/test_results/ackermann_simulation/lint_cmake.xunit.xml'
<end of output>
Test time =   0.08 sec
----------------------------------------------------------
Test Passed.
"lint_cmake" end time: Sep 05 03:01 CST
"lint_cmake" time elapsed: 00:00:00
----------------------------------------------------------

3/4 Testing: pep257
3/4 Test: pep257
Command: "/usr/bin/python3" "-u" "/opt/ros/humble/share/ament_cmake_test/cmake/run_test.py" "/home/hurs1/ackermann_ws/build/ackermann_simulation/test_results/ackermann_simulation/pep257.xunit.xml" "--package-name" "ackermann_simulation" "--output-file" "/home/hurs1/ackermann_ws/build/ackermann_simulation/ament_pep257/pep257.txt" "--command" "/opt/ros/humble/bin/ament_pep257" "--xunit-file" "/home/hurs1/ackermann_ws/build/ackermann_simulation/test_results/ackermann_simulation/pep257.xunit.xml"
Directory: /home/hurs1/ackermann_ws/src/ackermann_robot/ackermann_simulation
"pep257" start time: Sep 05 03:01 CST
Output:
----------------------------------------------------------
-- run_test.py: invoking following command in '/home/hurs1/ackermann_ws/src/ackermann_robot/ackermann_simulation':
 - /opt/ros/humble/bin/ament_pep257 --xunit-file /home/hurs1/ackermann_ws/build/ackermann_simulation/test_results/ackermann_simulation/pep257.xunit.xml
checking ./launch/sim.launch.py
No problems found
-- run_test.py: return code 0
-- run_test.py: verify result file '/home/hurs1/ackermann_ws/build/ackermann_simulation/test_results/ackermann_simulation/pep257.xunit.xml'
<end of output>
Test time =   0.15 sec
----------------------------------------------------------
Test Passed.
"pep257" end time: Sep 05 03:01 CST
"pep257" time elapsed: 00:00:00
----------------------------------------------------------

4/4 Testing: xmllint
4/4 Test: xmllint
Command: "/usr/bin/python3" "-u" "/opt/ros/humble/share/ament_cmake_test/cmake/run_test.py" "/home/hurs1/ackermann_ws/build/ackermann_simulation/test_results/ackermann_simulation/xmllint.xunit.xml" "--package-name" "ackermann_simulation" "--output-file" "/home/hurs1/ackermann_ws/build/ackermann_simulation/ament_xmllint/xmllint.txt" "--command" "/opt/ros/humble/bin/ament_xmllint" "--xunit-file" "/home/hurs1/ackermann_ws/build/ackermann_simulation/test_results/ackermann_simulation/xmllint.xunit.xml"
Directory: /home/hurs1/ackermann_ws/src/ackermann_robot/ackermann_simulation
"xmllint" start time: Sep 05 03:01 CST
Output:
----------------------------------------------------------
-- run_test.py: invoking following command in '/home/hurs1/ackermann_ws/src/ackermann_robot/ackermann_simulation':
 - /opt/ros/humble/bin/ament_xmllint --xunit-file /home/hurs1/ackermann_ws/build/ackermann_simulation/test_results/ackermann_simulation/xmllint.xunit.xml
File 'package.xml' is valid

No problems found
-- run_test.py: return code 0
-- run_test.py: verify result file '/home/hurs1/ackermann_ws/build/ackermann_simulation/test_results/ackermann_simulation/xmllint.xunit.xml'
<end of output>
Test time =   1.04 sec
----------------------------------------------------------
Test Passed.
"xmllint" end time: Sep 05 03:01 CST
"xmllint" time elapsed: 00:00:01
----------------------------------------------------------

End testing: Sep 05 03:01 CST

flake8 =   0.17 sec*proc

lint_cmake =   0.08 sec*proc

linter =   1.44 sec*proc

pep257 =   0.15 sec*proc

xmllint =   1.04 sec*proc

