Start testing: Sep 05 03:03 CST
----------------------------------------------------------
1/4 Testing: flake8
1/4 Test: flake8
Command: "/usr/bin/python3" "-u" "/opt/ros/humble/share/ament_cmake_test/cmake/run_test.py" "/home/hurs1/ackermann_ws/build/ackermann_simulation/test_results/ackermann_simulation/flake8.xunit.xml" "--package-name" "ackermann_simulation" "--output-file" "/home/hurs1/ackermann_ws/build/ackermann_simulation/ament_flake8/flake8.txt" "--command" "/opt/ros/humble/bin/ament_flake8" "--xunit-file" "/home/hurs1/ackermann_ws/build/ackermann_simulation/test_results/ackermann_simulation/flake8.xunit.xml"
Directory: /home/hurs1/ackermann_ws/src/ackermann_robot/ackermann_simulation
"flake8" start time: Sep 05 03:03 CST
Output:
----------------------------------------------------------
-- run_test.py: invoking following command in '/home/hurs1/ackermann_ws/src/ackermann_robot/ackermann_simulation':
 - /opt/ros/humble/bin/ament_flake8 --xunit-file /home/hurs1/ackermann_ws/build/ackermann_simulation/test_results/ackermann_simulation/flake8.xunit.xml

1 files checked
No problems found

Checked files:

* ./launch/sim.launch.py
-- run_test.py: return code 0
-- run_test.py: verify result file '/home/hurs1/ackermann_ws/build/ackermann_simulation/test_results/ackermann_simulation/flake8.xunit.xml'
<end of output>
Test time =   0.14 sec
----------------------------------------------------------
Test Passed.
"flake8" end time: Sep 05 03:03 CST
"flake8" time elapsed: 00:00:00
----------------------------------------------------------

2/4 Testing: lint_cmake
2/4 Test: lint_cmake
Command: "/usr/bin/python3" "-u" "/opt/ros/humble/share/ament_cmake_test/cmake/run_test.py" "/home/hurs1/ackermann_ws/build/ackermann_simulation/test_results/ackermann_simulation/lint_cmake.xunit.xml" "--package-name" "ackermann_simulation" "--output-file" "/home/hurs1/ackermann_ws/build/ackermann_simulation/ament_lint_cmake/lint_cmake.txt" "--command" "/opt/ros/humble/bin/ament_lint_cmake" "--xunit-file" "/home/hurs1/ackermann_ws/build/ackermann_simulation/test_results/ackermann_simulation/lint_cmake.xunit.xml"
Directory: /home/hurs1/ackermann_ws/src/ackermann_robot/ackermann_simulation
"lint_cmake" start time: Sep 05 03:03 CST
Output:
----------------------------------------------------------
-- run_test.py: invoking following command in '/home/hurs1/ackermann_ws/src/ackermann_robot/ackermann_simulation':
 - /opt/ros/humble/bin/ament_lint_cmake --xunit-file /home/hurs1/ackermann_ws/build/ackermann_simulation/test_results/ackermann_simulation/lint_cmake.xunit.xml

No problems found
-- run_test.py: return code 0
-- run_test.py: verify result file '/home/hurs1/ackermann_ws/build/ackermann_simulation/test_results/ackermann_simulation/lint_cmake.xunit.xml'
<end of output>
Test time =   0.08 sec
----------------------------------------------------------
Test Passed.
"lint_cmake" end time: Sep 05 03:03 CST
"lint_cmake" time elapsed: 00:00:00
----------------------------------------------------------

3/4 Testing: pep257
3/4 Test: pep257
Command: "/usr/bin/python3" "-u" "/opt/ros/humble/share/ament_cmake_test/cmake/run_test.py" "/home/hurs1/ackermann_ws/build/ackermann_simulation/test_results/ackermann_simulation/pep257.xunit.xml" "--package-name" "ackermann_simulation" "--output-file" "/home/hurs1/ackermann_ws/build/ackermann_simulation/ament_pep257/pep257.txt" "--command" "/opt/ros/humble/bin/ament_pep257" "--xunit-file" "/home/hurs1/ackermann_ws/build/ackermann_simulation/test_results/ackermann_simulation/pep257.xunit.xml"
Directory: /home/hurs1/ackermann_ws/src/ackermann_robot/ackermann_simulation
"pep257" start time: Sep 05 03:03 CST
Output:
----------------------------------------------------------
-- run_test.py: invoking following command in '/home/hurs1/ackermann_ws/src/ackermann_robot/ackermann_simulation':
 - /opt/ros/humble/bin/ament_pep257 --xunit-file /home/hurs1/ackermann_ws/build/ackermann_simulation/test_results/ackermann_simulation/pep257.xunit.xml
checking ./launch/sim.launch.py
No problems found
-- run_test.py: return code 0
-- run_test.py: verify result file '/home/hurs1/ackermann_ws/build/ackermann_simulation/test_results/ackermann_simulation/pep257.xunit.xml'
<end of output>
Test time =   0.11 sec
----------------------------------------------------------
Test Passed.
"pep257" end time: Sep 05 03:03 CST
"pep257" time elapsed: 00:00:00
----------------------------------------------------------

4/4 Testing: xmllint
4/4 Test: xmllint
Command: "/usr/bin/python3" "-u" "/opt/ros/humble/share/ament_cmake_test/cmake/run_test.py" "/home/hurs1/ackermann_ws/build/ackermann_simulation/test_results/ackermann_simulation/xmllint.xunit.xml" "--package-name" "ackermann_simulation" "--output-file" "/home/hurs1/ackermann_ws/build/ackermann_simulation/ament_xmllint/xmllint.txt" "--command" "/opt/ros/humble/bin/ament_xmllint" "--xunit-file" "/home/hurs1/ackermann_ws/build/ackermann_simulation/test_results/ackermann_simulation/xmllint.xunit.xml"
Directory: /home/hurs1/ackermann_ws/src/ackermann_robot/ackermann_simulation
"xmllint" start time: Sep 05 03:03 CST
Output:
----------------------------------------------------------
-- run_test.py: invoking following command in '/home/hurs1/ackermann_ws/src/ackermann_robot/ackermann_simulation':
 - /opt/ros/humble/bin/ament_xmllint --xunit-file /home/hurs1/ackermann_ws/build/ackermann_simulation/test_results/ackermann_simulation/xmllint.xunit.xml
File 'package.xml' is valid

No problems found
-- run_test.py: return code 0
-- run_test.py: verify result file '/home/hurs1/ackermann_ws/build/ackermann_simulation/test_results/ackermann_simulation/xmllint.xunit.xml'
<end of output>
Test time =   0.59 sec
----------------------------------------------------------
Test Passed.
"xmllint" end time: Sep 05 03:03 CST
"xmllint" time elapsed: 00:00:00
----------------------------------------------------------

End testing: Sep 05 03:03 CST

flake8 =   0.14 sec*proc

lint_cmake =   0.08 sec*proc

linter =   0.91 sec*proc

pep257 =   0.11 sec*proc

xmllint =   0.59 sec*proc

