<?xml version="1.0" encoding="UTF-8"?>
<Site BuildName="(empty)"
	BuildStamp="20260904-1903-Experimental"
	Name="HURS"
	Generator="ctest-3.22.1"
	CompilerName="/usr/bin/c++"
	CompilerVersion="11.4.0"
	OSName="Linux"
	Hostname="HURS"
	OSRelease="6.18.33.2-microsoft-standard-WSL2"
	OSVersion="#1 SMP PREEMPT_DYNAMIC Thu Jun 18 21:54:43 UTC 2026"
	OSPlatform="x86_64"
	Is64Bits="1"
	VendorString="GenuineIntel"
	VendorID="Intel Corporation"
	FamilyID="6"
	ModelID="183"
	ProcessorCacheSize="30720"
	NumberOfLogicalCPU="24"
	NumberOfPhysicalCPU="12"
	TotalVirtualMemory="4096"
	TotalPhysicalMemory="15843"
	LogicalProcessorsPerPhysical="2"
	ProcessorClockFrequency="2419.2"
	>
	<Testing>
		<StartDateTime>Sep 05 03:03 CST</StartDateTime>
		<StartTestTime>1788548584</StartTestTime>
		<TestList>
			<Test>./flake8</Test>
			<Test>./lint_cmake</Test>
			<Test>./pep257</Test>
			<Test>./xmllint</Test>
		</TestList>
		<Test Status="passed">
			<Name>flake8</Name>
			<Path>.</Path>
			<FullName>./flake8</FullName>
			<FullCommandLine>/usr/bin/python3 "-u" "/opt/ros/humble/share/ament_cmake_test/cmake/run_test.py" "/home/hurs1/ackermann_ws/build/ackermann_simulation/test_results/ackermann_simulation/flake8.xunit.xml" "--package-name" "ackermann_simulation" "--output-file" "/home/hurs1/ackermann_ws/build/ackermann_simulation/ament_flake8/flake8.txt" "--command" "/opt/ros/humble/bin/ament_flake8" "--xunit-file" "/home/hurs1/ackermann_ws/build/ackermann_simulation/test_results/ackermann_simulation/flake8.xunit.xml"</FullCommandLine>
			<Results>
				<NamedMeasurement type="numeric/double" name="Execution Time">
					<Value>0.137786</Value>
				</NamedMeasurement>
				<NamedMeasurement type="numeric/double" name="Processors">
					<Value>1</Value>
				</NamedMeasurement>
				<NamedMeasurement type="text/string" name="Completion Status">
					<Value>Completed</Value>
				</NamedMeasurement>
				<NamedMeasurement type="text/string" name="Command Line">
					<Value>/usr/bin/python3 "-u" "/opt/ros/humble/share/ament_cmake_test/cmake/run_test.py" "/home/hurs1/ackermann_ws/build/ackermann_simulation/test_results/ackermann_simulation/flake8.xunit.xml" "--package-name" "ackermann_simulation" "--output-file" "/home/hurs1/ackermann_ws/build/ackermann_simulation/ament_flake8/flake8.txt" "--command" "/opt/ros/humble/bin/ament_flake8" "--xunit-file" "/home/hurs1/ackermann_ws/build/ackermann_simulation/test_results/ackermann_simulation/flake8.xunit.xml"</Value>
				</NamedMeasurement>
				<NamedMeasurement type="text/string" name="Environment">
					<Value>#CTEST_RESOURCE_GROUP_COUNT=</Value>
				</NamedMeasurement>
				<Measurement>
					<Value>-- run_test.py: invoking following command in '/home/hurs1/ackermann_ws/src/ackermann_robot/ackermann_simulation':
 - /opt/ros/humble/bin/ament_flake8 --xunit-file /home/hurs1/ackermann_ws/build/ackermann_simulation/test_results/ackermann_simulation/flake8.xunit.xml

1 files checked
No problems found

Checked files:

* ./launch/sim.launch.py
-- run_test.py: return code 0
-- run_test.py: verify result file '/home/hurs1/ackermann_ws/build/ackermann_simulation/test_results/ackermann_simulation/flake8.xunit.xml'
</Value>
				</Measurement>
			</Results>
			<Labels>
				<Label>flake8</Label>
				<Label>linter</Label>
			</Labels>
		</Test>
		<Test Status="passed">
			<Name>lint_cmake</Name>
			<Path>.</Path>
			<FullName>./lint_cmake</FullName>
			<FullCommandLine>/usr/bin/python3 "-u" "/opt/ros/humble/share/ament_cmake_test/cmake/run_test.py" "/home/hurs1/ackermann_ws/build/ackermann_simulation/test_results/ackermann_simulation/lint_cmake.xunit.xml" "--package-name" "ackermann_simulation" "--output-file" "/home/hurs1/ackermann_ws/build/ackermann_simulation/ament_lint_cmake/lint_cmake.txt" "--command" "/opt/ros/humble/bin/ament_lint_cmake" "--xunit-file" "/home/hurs1/ackermann_ws/build/ackermann_simulation/test_results/ackermann_simulation/lint_cmake.xunit.xml"</FullCommandLine>
			<Results>
				<NamedMeasurement type="numeric/double" name="Execution Time">
					<Value>0.077405</Value>
				</NamedMeasurement>
				<NamedMeasurement type="numeric/double" name="Processors">
					<Value>1</Value>
				</NamedMeasurement>
				<NamedMeasurement type="text/string" name="Completion Status">
					<Value>Completed</Value>
				</NamedMeasurement>
				<NamedMeasurement type="text/string" name="Command Line">
					<Value>/usr/bin/python3 "-u" "/opt/ros/humble/share/ament_cmake_test/cmake/run_test.py" "/home/hurs1/ackermann_ws/build/ackermann_simulation/test_results/ackermann_simulation/lint_cmake.xunit.xml" "--package-name" "ackermann_simulation" "--output-file" "/home/hurs1/ackermann_ws/build/ackermann_simulation/ament_lint_cmake/lint_cmake.txt" "--command" "/opt/ros/humble/bin/ament_lint_cmake" "--xunit-file" "/home/hurs1/ackermann_ws/build/ackermann_simulation/test_results/ackermann_simulation/lint_cmake.xunit.xml"</Value>
				</NamedMeasurement>
				<NamedMeasurement type="text/string" name="Environment">
					<Value>#CTEST_RESOURCE_GROUP_COUNT=</Value>
				</NamedMeasurement>
				<Measurement>
					<Value>-- run_test.py: invoking following command in '/home/hurs1/ackermann_ws/src/ackermann_robot/ackermann_simulation':
 - /opt/ros/humble/bin/ament_lint_cmake --xunit-file /home/hurs1/ackermann_ws/build/ackermann_simulation/test_results/ackermann_simulation/lint_cmake.xunit.xml

No problems found
-- run_test.py: return code 0
-- run_test.py: verify result file '/home/hurs1/ackermann_ws/build/ackermann_simulation/test_results/ackermann_simulation/lint_cmake.xunit.xml'
</Value>
				</Measurement>
			</Results>
			<Labels>
				<Label>lint_cmake</Label>
				<Label>linter</Label>
			</Labels>
		</Test>
		<Test Status="passed">
			<Name>pep257</Name>
			<Path>.</Path>
			<FullName>./pep257</FullName>
			<FullCommandLine>/usr/bin/python3 "-u" "/opt/ros/humble/share/ament_cmake_test/cmake/run_test.py" "/home/hurs1/ackermann_ws/build/ackermann_simulation/test_results/ackermann_simulation/pep257.xunit.xml" "--package-name" "ackermann_simulation" "--output-file" "/home/hurs1/ackermann_ws/build/ackermann_simulation/ament_pep257/pep257.txt" "--command" "/opt/ros/humble/bin/ament_pep257" "--xunit-file" "/home/hurs1/ackermann_ws/build/ackermann_simulation/test_results/ackermann_simulation/pep257.xunit.xml"</FullCommandLine>
			<Results>
				<NamedMeasurement type="numeric/double" name="Execution Time">
					<Value>0.109698</Value>
				</NamedMeasurement>
				<NamedMeasurement type="numeric/double" name="Processors">
					<Value>1</Value>
				</NamedMeasurement>
				<NamedMeasurement type="text/string" name="Completion Status">
					<Value>Completed</Value>
				</NamedMeasurement>
				<NamedMeasurement type="text/string" name="Command Line">
					<Value>/usr/bin/python3 "-u" "/opt/ros/humble/share/ament_cmake_test/cmake/run_test.py" "/home/hurs1/ackermann_ws/build/ackermann_simulation/test_results/ackermann_simulation/pep257.xunit.xml" "--package-name" "ackermann_simulation" "--output-file" "/home/hurs1/ackermann_ws/build/ackermann_simulation/ament_pep257/pep257.txt" "--command" "/opt/ros/humble/bin/ament_pep257" "--xunit-file" "/home/hurs1/ackermann_ws/build/ackermann_simulation/test_results/ackermann_simulation/pep257.xunit.xml"</Value>
				</NamedMeasurement>
				<NamedMeasurement type="text/string" name="Environment">
					<Value>#CTEST_RESOURCE_GROUP_COUNT=</Value>
				</NamedMeasurement>
				<Measurement>
					<Value>-- run_test.py: invoking following command in '/home/hurs1/ackermann_ws/src/ackermann_robot/ackermann_simulation':
 - /opt/ros/humble/bin/ament_pep257 --xunit-file /home/hurs1/ackermann_ws/build/ackermann_simulation/test_results/ackermann_simulation/pep257.xunit.xml
checking ./launch/sim.launch.py
No problems found
-- run_test.py: return code 0
-- run_test.py: verify result file '/home/hurs1/ackermann_ws/build/ackermann_simulation/test_results/ackermann_simulation/pep257.xunit.xml'
</Value>
				</Measurement>
			</Results>
			<Labels>
				<Label>linter</Label>
				<Label>pep257</Label>
			</Labels>
		</Test>
		<Test Status="passed">
			<Name>xmllint</Name>
			<Path>.</Path>
			<FullName>./xmllint</FullName>
			<FullCommandLine>/usr/bin/python3 "-u" "/opt/ros/humble/share/ament_cmake_test/cmake/run_test.py" "/home/hurs1/ackermann_ws/build/ackermann_simulation/test_results/ackermann_simulation/xmllint.xunit.xml" "--package-name" "ackermann_simulation" "--output-file" "/home/hurs1/ackermann_ws/build/ackermann_simulation/ament_xmllint/xmllint.txt" "--command" "/opt/ros/humble/bin/ament_xmllint" "--xunit-file" "/home/hurs1/ackermann_ws/build/ackermann_simulation/test_results/ackermann_simulation/xmllint.xunit.xml"</FullCommandLine>
			<Results>
				<NamedMeasurement type="numeric/double" name="Execution Time">
					<Value>0.589017</Value>
				</NamedMeasurement>
				<NamedMeasurement type="numeric/double" name="Processors">
					<Value>1</Value>
				</NamedMeasurement>
				<NamedMeasurement type="text/string" name="Completion Status">
					<Value>Completed</Value>
				</NamedMeasurement>
				<NamedMeasurement type="text/string" name="Command Line">
					<Value>/usr/bin/python3 "-u" "/opt/ros/humble/share/ament_cmake_test/cmake/run_test.py" "/home/hurs1/ackermann_ws/build/ackermann_simulation/test_results/ackermann_simulation/xmllint.xunit.xml" "--package-name" "ackermann_simulation" "--output-file" "/home/hurs1/ackermann_ws/build/ackermann_simulation/ament_xmllint/xmllint.txt" "--command" "/opt/ros/humble/bin/ament_xmllint" "--xunit-file" "/home/hurs1/ackermann_ws/build/ackermann_simulation/test_results/ackermann_simulation/xmllint.xunit.xml"</Value>
				</NamedMeasurement>
				<NamedMeasurement type="text/string" name="Environment">
					<Value>#CTEST_RESOURCE_GROUP_COUNT=</Value>
				</NamedMeasurement>
				<Measurement>
					<Value>-- run_test.py: invoking following command in '/home/hurs1/ackermann_ws/src/ackermann_robot/ackermann_simulation':
 - /opt/ros/humble/bin/ament_xmllint --xunit-file /home/hurs1/ackermann_ws/build/ackermann_simulation/test_results/ackermann_simulation/xmllint.xunit.xml
File 'package.xml' is valid

No problems found
-- run_test.py: return code 0
-- run_test.py: verify result file '/home/hurs1/ackermann_ws/build/ackermann_simulation/test_results/ackermann_simulation/xmllint.xunit.xml'
</Value>
				</Measurement>
			</Results>
			<Labels>
				<Label>linter</Label>
				<Label>xmllint</Label>
			</Labels>
		</Test>
		<EndDateTime>Sep 05 03:03 CST</EndDateTime>
		<EndTestTime>1788548585</EndTestTime>
		<ElapsedMinutes>0</ElapsedMinutes>
	</Testing>
</Site>
